#
# There is insufficient memory for the Java Runtime Environment to continue.
# Native memory allocation (malloc) failed to allocate 705776 bytes for Chunk::new
# Possible reasons:
#   The system is out of physical RAM or swap space
#   The process is running with CompressedOops enabled, and the Java Heap may be blocking the growth of the native heap
# Possible solutions:
#   Reduce memory load on the system
#   Increase physical memory or swap space
#   Check if swap backing store is full
#   Decrease Java heap size (-Xmx/-Xms)
#   Decrease number of Java threads
#   Decrease Java thread stack sizes (-Xss)
#   Set larger code cache with -XX:ReservedCodeCacheSize=
#   JVM is running with Zero Based Compressed Oops mode in which the Java heap is
#     placed in the first 32GB address space. The Java Heap base address is the
#     maximum limit for the native heap growth. Please use -XX:HeapBaseMinAddress
#     to set the Java Heap base and to place the Java Heap above 32GB virtual address.
# This output file may be truncated or incomplete.
#
#  Out of Memory Error (./src/hotspot/share/memory/arena.cpp:195), pid=60084, tid=66592
#
# JRE version: OpenJDK Runtime Environment Zulu15.42+15-CA (15.0.8+4) (build 15.0.8+4-MTS)
# Java VM: OpenJDK 64-Bit Server VM Zulu15.42+15-CA (15.0.8+4-MTS, mixed mode, sharing, tiered, compressed oops, g1 gc, windows-amd64)
# No core dump will be written. Minidumps are not enabled by default on client versions of Windows
#

---------------  S U M M A R Y ------------

Command Line: -javaagent:C:\Users\Predator\AppData\Local\JetBrains\Toolbox\apps\IDEA-U\ch-0\212.4746.92\lib\idea_rt.jar=5151:C:\Users\Predator\AppData\Local\JetBrains\Toolbox\apps\IDEA-U\ch-0\212.4746.92\bin -Dfile.encoding=UTF-8 --module-path=C:\Users\Predator\.m2\repository\org\jetbrains\kotlin\kotlin-stdlib\1.5.10\kotlin-stdlib-1.5.10-modular.jar;C:\Users\Predator\.m2\repository\org\openjfx\javafx-base\15.0.1\javafx-base-15.0.1-win.jar;C:\Users\Predator\.m2\repository\org\kordamp\ikonli\ikonli-core\12.3.0\ikonli-core-12.3.0.jar;C:\Users\Predator\.m2\repository\org\controlsfx\controlsfx\11.1.1\controlsfx-11.1.1.jar;C:\Users\Predator\.m2\repository\com\gluonhq\attach\audio\4.0.9\audio-4.0.9.jar;C:\Users\Predator\Documents\GrupoMark\SalesPoint\com.gpomark.pvl\mysql-connector-java-5.1.47.jar;C:\Users\Predator\.m2\repository\com\fasterxml\jackson\core\jackson-core\2.12.1\jackson-core-2.12.1.jar;C:\Users\Predator\.m2\repository\com\github\almasb\fxgl\11.17\fxgl-11.17.jar;C:\Users\Predator\.m2\repository\com\gluonhq\attach\util\4.0.9\util-4.0.9.jar;C:\Users\Predator\.m2\repository\com\gluonhq\attach\lifecycle\4.0.9\lifecycle-4.0.9.jar;C:\Users\Predator\.m2\repository\com\dlsc\formsfx\formsfx-core\11.3.2\formsfx-core-11.3.2.jar;C:\Users\Predator\.m2\repository\com\github\almasb\fxgl-core\11.17\fxgl-core-11.17.jar;C:\Users\Predator\.m2\repository\com\fasterxml\jackson\core\jackson-databind\2.12.1\jackson-databind-2.12.1.jar;C:\Users\Predator\.m2\repository\eu\hansolo\tilesfx\11.48\tilesfx-11.48.jar;C:\Users\Predator\.m2\repository\org\openjfx\javafx-web\15.0.1\javafx-web-15.0.1-win.jar;C:\Users\Predator\.m2\repository\org\openjfx\javafx-controls\15.0.1\javafx-controls-15.0.1-win.jar;C:\Users\Predator\.m2\repository\net\synedra\validatorfx\0.2.1\validatorfx-0.2.1.jar;C:\Users\Predator\.m2\repository\com\github\almasb\fxgl-scene\11.17\fxgl-scene-11.17.jar;C:\Users\Predator\.m2\repository\com\github\almasb\fxgl-io\11.17\fxgl-io-11.17.jar;C:\Users\Predator\.m2\repository\org\kordamp\ikonli\ikonli-javafx\12.3.0\ikonli-javafx-12.3.0.jar;C:\Users\Predator\.m2\repository\com\fasterxml\jackson\core\jackson-annotations\2.12.1\jackson-annotations-2.12.1.jar;C:\Users\Predator\.m2\repository\org\kordamp\boots-Djdk.module.main=com.gpomark.pvl.gpomarkpvl com.gpomark.pvl.gpomarkpvl/com.gpomark.pvl.gpomarkpvl.HelloApplication

Host: Intel(R) Core(TM) i7-10750H CPU @ 2.60GHz, 12 cores, 31G,  Windows 11 , 64 bit Build 22000 (10.0.22000.708)
Time: Thu Aug 18 17:20:57 2022 Hora de verano central (México) elapsed time: 1.001135 seconds (0d 0h 0m 1s)

---------------  T H R E A D  ---------------

Current thread (0x0000016a5594cde0):  JavaThread "C2 CompilerThread1" daemon [_thread_in_native, id=66592, stack(0x0000003778760000,0x0000003778860000)]


Current CompileTask:
C2:   1001 1354   !   4       com.sun.javafx.css.ParsedValueImpl::readBinary (688 bytes)

Stack: [0x0000003778760000,0x0000003778860000]
Native frames: (J=compiled Java code, j=interpreted, Vv=VM code, C=native code)
V  [jvm.dll+0x6003ca]
V  [jvm.dll+0x79fde9]
V  [jvm.dll+0x7a1543]
V  [jvm.dll+0x7a1b93]
V  [jvm.dll+0x1fc648]
V  [jvm.dll+0x996ca]
V  [jvm.dll+0x99dbc]
V  [jvm.dll+0x261e24]
V  [jvm.dll+0x512cea]
V  [jvm.dll+0x1da186]
V  [jvm.dll+0x1d39b0]
V  [jvm.dll+0x1d1617]
V  [jvm.dll+0x1646b7]
V  [jvm.dll+0x1e05a4]
V  [jvm.dll+0x1de6eb]
V  [jvm.dll+0x76496d]
V  [jvm.dll+0x75d86a]
V  [jvm.dll+0x5ff176]
C  [ucrtbase.dll+0x26c0c]
C  [KERNEL32.DLL+0x154e0]
C  [ntdll.dll+0x485b]


---------------  P R O C E S S  ---------------

Threads class SMR info:
_java_thread_list=0x0000016a579c4780, length=22, elements={
0x0000016a283a7460, 0x0000016a559221c0, 0x0000016a55924da0, 0x0000016a5593de00,
0x0000016a5593e7c0, 0x0000016a5593f270, 0x0000016a55947520, 0x0000016a5594d800,
0x0000016a5596a430, 0x0000016a562f5fb0, 0x0000016a56b16f70, 0x0000016a56b17440,
0x0000016a5652ac30, 0x0000016a56de1770, 0x0000016a56e44850, 0x0000016a5796c020,
0x0000016a5796c4f0, 0x0000016a57b5d2c0, 0x0000016a57b64fe0, 0x0000016a57b755b0,
0x0000016a5594cde0, 0x0000016a5594c8d0
}

Java Threads: ( => current thread )
  0x0000016a283a7460 JavaThread "main" [_thread_blocked, id=63436, stack(0x0000003776100000,0x0000003776200000)]
  0x0000016a559221c0 JavaThread "Reference Handler" daemon [_thread_blocked, id=66112, stack(0x0000003776800000,0x0000003776900000)]
  0x0000016a55924da0 JavaThread "Finalizer" daemon [_thread_blocked, id=65412, stack(0x0000003776900000,0x0000003776a00000)]
  0x0000016a5593de00 JavaThread "Signal Dispatcher" daemon [_thread_blocked, id=58240, stack(0x0000003776a00000,0x0000003776b00000)]
  0x0000016a5593e7c0 JavaThread "Attach Listener" daemon [_thread_blocked, id=18452, stack(0x0000003776b00000,0x0000003776c00000)]
  0x0000016a5593f270 JavaThread "Service Thread" daemon [_thread_blocked, id=24840, stack(0x0000003776c00000,0x0000003776d00000)]
  0x0000016a55947520 JavaThread "C2 CompilerThread0" daemon [_thread_blocked, id=54196, stack(0x0000003776d00000,0x0000003776e00000)]
  0x0000016a5594d800 JavaThread "C1 CompilerThread0" daemon [_thread_blocked, id=63428, stack(0x0000003776e00000,0x0000003776f00000)]
  0x0000016a5596a430 JavaThread "Sweeper thread" daemon [_thread_blocked, id=47020, stack(0x0000003776f00000,0x0000003777000000)]
  0x0000016a562f5fb0 JavaThread "Common-Cleaner" daemon [_thread_blocked, id=66264, stack(0x0000003777000000,0x0000003777100000)]
  0x0000016a56b16f70 JavaThread "Monitor Ctrl-Break" daemon [_thread_in_native, id=28220, stack(0x0000003777300000,0x0000003777400000)]
  0x0000016a56b17440 JavaThread "Notification Thread" daemon [_thread_blocked, id=60176, stack(0x0000003777400000,0x0000003777500000)]
  0x0000016a5652ac30 JavaThread "QuantumRenderer-0" daemon [_thread_blocked, id=66292, stack(0x0000003777200000,0x0000003777300000)]
  0x0000016a56de1770 JavaThread "InvokeLaterDispatcher" daemon [_thread_blocked, id=45320, stack(0x0000003777700000,0x0000003777800000)]
  0x0000016a56e44850 JavaThread "JavaFX Application Thread" [_thread_in_vm, id=12736, stack(0x0000003777800000,0x0000003777900000)]
  0x0000016a5796c020 JavaThread "Thread-1" daemon [_thread_in_native, id=61012, stack(0x0000003777100000,0x0000003777200000)]
  0x0000016a5796c4f0 JavaThread "JavaFX-Launcher" [_thread_blocked, id=61956, stack(0x0000003777a00000,0x0000003777b00000)]
  0x0000016a57b5d2c0 JavaThread "Java2D Disposer" daemon [_thread_blocked, id=66308, stack(0x0000003778400000,0x0000003778500000)]
  0x0000016a57b64fe0 JavaThread "AWT-Shutdown" [_thread_blocked, id=65420, stack(0x0000003778500000,0x0000003778600000)]
  0x0000016a57b755b0 JavaThread "AWT-Windows" daemon [_thread_in_native, id=14232, stack(0x0000003778600000,0x0000003778700000)]
=>0x0000016a5594cde0 JavaThread "C2 CompilerThread1" daemon [_thread_in_native, id=66592, stack(0x0000003778760000,0x0000003778860000)]
  0x0000016a5594c8d0 JavaThread "C2 CompilerThread2" daemon [_thread_blocked, id=66600, stack(0x0000003778860000,0x0000003778960000)]

Other Threads:
  0x0000016a5591e930 VMThread "VM Thread" [stack: 0x0000003776700000,0x0000003776800000] [id=52484]
  0x0000016a283a8450 WatcherThread [stack: 0x0000003777500000,0x0000003777600000] [id=45604]
  0x0000016a2841e450 GCTaskThread "GC Thread#0" [stack: 0x0000003776200000,0x0000003776300000] [id=36568]
  0x0000016a56786450 GCTaskThread "GC Thread#1" [stack: 0x0000003777b00000,0x0000003777c00000] [id=58584]
  0x0000016a56787110 GCTaskThread "GC Thread#2" [stack: 0x0000003777c00000,0x0000003777d00000] [id=65440]
  0x0000016a56787440 GCTaskThread "GC Thread#3" [stack: 0x0000003777d00000,0x0000003777e00000] [id=63984]
  0x0000016a56787770 GCTaskThread "GC Thread#4" [stack: 0x0000003777e00000,0x0000003777f00000] [id=21908]
  0x0000016a56786780 GCTaskThread "GC Thread#5" [stack: 0x0000003777f00000,0x0000003778000000] [id=66312]
  0x0000016a56788100 GCTaskThread "GC Thread#6" [stack: 0x0000003778000000,0x0000003778100000] [id=43236]
  0x0000016a56788430 GCTaskThread "GC Thread#7" [stack: 0x0000003778100000,0x0000003778200000] [id=35600]
  0x0000016a56788760 GCTaskThread "GC Thread#8" [stack: 0x0000003778200000,0x0000003778300000] [id=65224]
  0x0000016a56787aa0 GCTaskThread "GC Thread#9" [stack: 0x0000003778300000,0x0000003778400000] [id=1648]
  0x0000016a2842f5c0 ConcurrentGCThread "G1 Main Marker" [stack: 0x0000003776300000,0x0000003776400000] [id=65208]
  0x0000016a284309f0 ConcurrentGCThread "G1 Conc#0" [stack: 0x0000003776400000,0x0000003776500000] [id=32380]
  0x0000016a558140f0 ConcurrentGCThread "G1 Refine#0" [stack: 0x0000003776500000,0x0000003776600000] [id=65348]
  0x0000016a55814840 ConcurrentGCThread "G1 Young RemSet Sampling" [stack: 0x0000003776600000,0x0000003776700000] [id=35512]

Threads with active compile tasks:
C2 CompilerThread1     1017 1354   !   4       com.sun.javafx.css.ParsedValueImpl::readBinary (688 bytes)

VM state: not at safepoint (normal execution)

VM Mutex/Monitor currently owned by a thread: None

Heap address: 0x0000000602800000, size: 8152 MB, Compressed Oops mode: Zero based, Oop shift amount: 3
CDS archive(s) mapped at: [0x0000000800000000-0x0000000800b70000-0x0000000800b70000), size 11993088, SharedBaseAddress: 0x0000000800000000, ArchiveRelocationMode: 0.
Compressed class space mapped at: 0x0000000800b70000-0x0000000840b70000, size: 1073741824
Narrow klass base: 0x0000000800000000, Narrow klass shift: 3, Narrow klass range: 0x100000000

GC Precious Log:
 CPUs: 12 total, 12 available
 Memory: 32603M
 Large Page Support: Disabled
 NUMA Support: Disabled
 Compressed Oops: Enabled (Zero based)
 Heap Region Size: 4M
 Heap Min Capacity: 8M
 Heap Initial Capacity: 512M
 Heap Max Capacity: 8152M
 Pre-touch: Disabled
 Parallel Workers: 10
 Concurrent Workers: 3
 Concurrent Refinement Workers: 10
 Periodic GC: Disabled

Heap:
 garbage-first heap   total 524288K, used 15191K [0x0000000602800000, 0x0000000800000000)
  region size 4096K, 6 young (24576K), 1 survivors (4096K)
 Metaspace       used 11407K, capacity 11593K, committed 11776K, reserved 1058816K
  class space    used 1439K, capacity 1533K, committed 1536K, reserved 1048576K

Heap Regions: E=young(eden), S=young(survivor), O=old, HS=humongous(starts), HC=humongous(continues), CS=collection set, F=free, OA=open archive, CA=closed archive, TAMS=top-at-mark-start (previous, next)
|   0|0x0000000602800000, 0x0000000602800000, 0x0000000602c00000|  0%| F|  |TAMS 0x0000000602800000, 0x0000000602800000| Untracked 
|   1|0x0000000602c00000, 0x0000000602c00000, 0x0000000603000000|  0%| F|  |TAMS 0x0000000602c00000, 0x0000000602c00000| Untracked 
|   2|0x0000000603000000, 0x0000000603000000, 0x0000000603400000|  0%| F|  |TAMS 0x0000000603000000, 0x0000000603000000| Untracked 
|   3|0x0000000603400000, 0x0000000603400000, 0x0000000603800000|  0%| F|  |TAMS 0x0000000603400000, 0x0000000603400000| Untracked 
|   4|0x0000000603800000, 0x0000000603800000, 0x0000000603c00000|  0%| F|  |TAMS 0x0000000603800000, 0x0000000603800000| Untracked 
|   5|0x0000000603c00000, 0x0000000603c00000, 0x0000000604000000|  0%| F|  |TAMS 0x0000000603c00000, 0x0000000603c00000| Untracked 
|   6|0x0000000604000000, 0x0000000604000000, 0x0000000604400000|  0%| F|  |TAMS 0x0000000604000000, 0x0000000604000000| Untracked 
|   7|0x0000000604400000, 0x0000000604400000, 0x0000000604800000|  0%| F|  |TAMS 0x0000000604400000, 0x0000000604400000| Untracked 
|   8|0x0000000604800000, 0x0000000604800000, 0x0000000604c00000|  0%| F|  |TAMS 0x0000000604800000, 0x0000000604800000| Untracked 
|   9|0x0000000604c00000, 0x0000000604c00000, 0x0000000605000000|  0%| F|  |TAMS 0x0000000604c00000, 0x0000000604c00000| Untracked 
|  10|0x0000000605000000, 0x0000000605000000, 0x0000000605400000|  0%| F|  |TAMS 0x0000000605000000, 0x0000000605000000| Untracked 
|  11|0x0000000605400000, 0x0000000605400000, 0x0000000605800000|  0%| F|  |TAMS 0x0000000605400000, 0x0000000605400000| Untracked 
|  12|0x0000000605800000, 0x0000000605800000, 0x0000000605c00000|  0%| F|  |TAMS 0x0000000605800000, 0x0000000605800000| Untracked 
|  13|0x0000000605c00000, 0x0000000605c00000, 0x0000000606000000|  0%| F|  |TAMS 0x0000000605c00000, 0x0000000605c00000| Untracked 
|  14|0x0000000606000000, 0x0000000606000000, 0x0000000606400000|  0%| F|  |TAMS 0x0000000606000000, 0x0000000606000000| Untracked 
|  15|0x0000000606400000, 0x0000000606400000, 0x0000000606800000|  0%| F|  |TAMS 0x0000000606400000, 0x0000000606400000| Untracked 
|  16|0x0000000606800000, 0x0000000606800000, 0x0000000606c00000|  0%| F|  |TAMS 0x0000000606800000, 0x0000000606800000| Untracked 
|  17|0x0000000606c00000, 0x0000000606c00000, 0x0000000607000000|  0%| F|  |TAMS 0x0000000606c00000, 0x0000000606c00000| Untracked 
|  18|0x0000000607000000, 0x0000000607000000, 0x0000000607400000|  0%| F|  |TAMS 0x0000000607000000, 0x0000000607000000| Untracked 
|  19|0x0000000607400000, 0x0000000607400000, 0x0000000607800000|  0%| F|  |TAMS 0x0000000607400000, 0x0000000607400000| Untracked 
|  20|0x0000000607800000, 0x0000000607800000, 0x0000000607c00000|  0%| F|  |TAMS 0x0000000607800000, 0x0000000607800000| Untracked 
|  21|0x0000000607c00000, 0x0000000607c00000, 0x0000000608000000|  0%| F|  |TAMS 0x0000000607c00000, 0x0000000607c00000| Untracked 
|  22|0x0000000608000000, 0x0000000608000000, 0x0000000608400000|  0%| F|  |TAMS 0x0000000608000000, 0x0000000608000000| Untracked 
|  23|0x0000000608400000, 0x0000000608400000, 0x0000000608800000|  0%| F|  |TAMS 0x0000000608400000, 0x0000000608400000| Untracked 
|  24|0x0000000608800000, 0x0000000608800000, 0x0000000608c00000|  0%| F|  |TAMS 0x0000000608800000, 0x0000000608800000| Untracked 
|  25|0x0000000608c00000, 0x0000000608c00000, 0x0000000609000000|  0%| F|  |TAMS 0x0000000608c00000, 0x0000000608c00000| Untracked 
|  26|0x0000000609000000, 0x0000000609000000, 0x0000000609400000|  0%| F|  |TAMS 0x0000000609000000, 0x0000000609000000| Untracked 
|  27|0x0000000609400000, 0x0000000609400000, 0x0000000609800000|  0%| F|  |TAMS 0x0000000609400000, 0x0000000609400000| Untracked 
|  28|0x0000000609800000, 0x0000000609800000, 0x0000000609c00000|  0%| F|  |TAMS 0x0000000609800000, 0x0000000609800000| Untracked 
|  29|0x0000000609c00000, 0x0000000609c00000, 0x000000060a000000|  0%| F|  |TAMS 0x0000000609c00000, 0x0000000609c00000| Untracked 
|  30|0x000000060a000000, 0x000000060a000000, 0x000000060a400000|  0%| F|  |TAMS 0x000000060a000000, 0x000000060a000000| Untracked 
|  31|0x000000060a400000, 0x000000060a400000, 0x000000060a800000|  0%| F|  |TAMS 0x000000060a400000, 0x000000060a400000| Untracked 
|  32|0x000000060a800000, 0x000000060a800000, 0x000000060ac00000|  0%| F|  |TAMS 0x000000060a800000, 0x000000060a800000| Untracked 
|  33|0x000000060ac00000, 0x000000060ac00000, 0x000000060b000000|  0%| F|  |TAMS 0x000000060ac00000, 0x000000060ac00000| Untracked 
|  34|0x000000060b000000, 0x000000060b000000, 0x000000060b400000|  0%| F|  |TAMS 0x000000060b000000, 0x000000060b000000| Untracked 
|  35|0x000000060b400000, 0x000000060b400000, 0x000000060b800000|  0%| F|  |TAMS 0x000000060b400000, 0x000000060b400000| Untracked 
|  36|0x000000060b800000, 0x000000060b800000, 0x000000060bc00000|  0%| F|  |TAMS 0x000000060b800000, 0x000000060b800000| Untracked 
|  37|0x000000060bc00000, 0x000000060bc00000, 0x000000060c000000|  0%| F|  |TAMS 0x000000060bc00000, 0x000000060bc00000| Untracked 
|  38|0x000000060c000000, 0x000000060c000000, 0x000000060c400000|  0%| F|  |TAMS 0x000000060c000000, 0x000000060c000000| Untracked 
|  39|0x000000060c400000, 0x000000060c400000, 0x000000060c800000|  0%| F|  |TAMS 0x000000060c400000, 0x000000060c400000| Untracked 
|  40|0x000000060c800000, 0x000000060c800000, 0x000000060cc00000|  0%| F|  |TAMS 0x000000060c800000, 0x000000060c800000| Untracked 
|  41|0x000000060cc00000, 0x000000060cc00000, 0x000000060d000000|  0%| F|  |TAMS 0x000000060cc00000, 0x000000060cc00000| Untracked 
|  42|0x000000060d000000, 0x000000060d000000, 0x000000060d400000|  0%| F|  |TAMS 0x000000060d000000, 0x000000060d000000| Untracked 
|  43|0x000000060d400000, 0x000000060d400000, 0x000000060d800000|  0%| F|  |TAMS 0x000000060d400000, 0x000000060d400000| Untracked 
|  44|0x000000060d800000, 0x000000060d800000, 0x000000060dc00000|  0%| F|  |TAMS 0x000000060d800000, 0x000000060d800000| Untracked 
|  45|0x000000060dc00000, 0x000000060dc00000, 0x000000060e000000|  0%| F|  |TAMS 0x000000060dc00000, 0x000000060dc00000| Untracked 
|  46|0x000000060e000000, 0x000000060e000000, 0x000000060e400000|  0%| F|  |TAMS 0x000000060e000000, 0x000000060e000000| Untracked 
|  47|0x000000060e400000, 0x000000060e400000, 0x000000060e800000|  0%| F|  |TAMS 0x000000060e400000, 0x000000060e400000| Untracked 
|  48|0x000000060e800000, 0x000000060e800000, 0x000000060ec00000|  0%| F|  |TAMS 0x000000060e800000, 0x000000060e800000| Untracked 
|  49|0x000000060ec00000, 0x000000060ec00000, 0x000000060f000000|  0%| F|  |TAMS 0x000000060ec00000, 0x000000060ec00000| Untracked 
|  50|0x000000060f000000, 0x000000060f000000, 0x000000060f400000|  0%| F|  |TAMS 0x000000060f000000, 0x000000060f000000| Untracked 
|  51|0x000000060f400000, 0x000000060f400000, 0x000000060f800000|  0%| F|  |TAMS 0x000000060f400000, 0x000000060f400000| Untracked 
|  52|0x000000060f800000, 0x000000060f800000, 0x000000060fc00000|  0%| F|  |TAMS 0x000000060f800000, 0x000000060f800000| Untracked 
|  53|0x000000060fc00000, 0x000000060fc00000, 0x0000000610000000|  0%| F|  |TAMS 0x000000060fc00000, 0x000000060fc00000| Untracked 
|  54|0x0000000610000000, 0x0000000610000000, 0x0000000610400000|  0%| F|  |TAMS 0x0000000610000000, 0x0000000610000000| Untracked 
|  55|0x0000000610400000, 0x0000000610400000, 0x0000000610800000|  0%| F|  |TAMS 0x0000000610400000, 0x0000000610400000| Untracked 
|  56|0x0000000610800000, 0x0000000610800000, 0x0000000610c00000|  0%| F|  |TAMS 0x0000000610800000, 0x0000000610800000| Untracked 
|  57|0x0000000610c00000, 0x0000000610c00000, 0x0000000611000000|  0%| F|  |TAMS 0x0000000610c00000, 0x0000000610c00000| Untracked 
|  58|0x0000000611000000, 0x0000000611000000, 0x0000000611400000|  0%| F|  |TAMS 0x0000000611000000, 0x0000000611000000| Untracked 
|  59|0x0000000611400000, 0x0000000611400000, 0x0000000611800000|  0%| F|  |TAMS 0x0000000611400000, 0x0000000611400000| Untracked 
|  60|0x0000000611800000, 0x0000000611800000, 0x0000000611c00000|  0%| F|  |TAMS 0x0000000611800000, 0x0000000611800000| Untracked 
|  61|0x0000000611c00000, 0x0000000611c00000, 0x0000000612000000|  0%| F|  |TAMS 0x0000000611c00000, 0x0000000611c00000| Untracked 
|  62|0x0000000612000000, 0x0000000612000000, 0x0000000612400000|  0%| F|  |TAMS 0x0000000612000000, 0x0000000612000000| Untracked 
|  63|0x0000000612400000, 0x0000000612400000, 0x0000000612800000|  0%| F|  |TAMS 0x0000000612400000, 0x0000000612400000| Untracked 
|  64|0x0000000612800000, 0x0000000612800000, 0x0000000612c00000|  0%| F|  |TAMS 0x0000000612800000, 0x0000000612800000| Untracked 
|  65|0x0000000612c00000, 0x0000000612c00000, 0x0000000613000000|  0%| F|  |TAMS 0x0000000612c00000, 0x0000000612c00000| Untracked 
|  66|0x0000000613000000, 0x0000000613000000, 0x0000000613400000|  0%| F|  |TAMS 0x0000000613000000, 0x0000000613000000| Untracked 
|  67|0x0000000613400000, 0x0000000613400000, 0x0000000613800000|  0%| F|  |TAMS 0x0000000613400000, 0x0000000613400000| Untracked 
|  68|0x0000000613800000, 0x0000000613800000, 0x0000000613c00000|  0%| F|  |TAMS 0x0000000613800000, 0x0000000613800000| Untracked 
|  69|0x0000000613c00000, 0x0000000613c00000, 0x0000000614000000|  0%| F|  |TAMS 0x0000000613c00000, 0x0000000613c00000| Untracked 
|  70|0x0000000614000000, 0x0000000614000000, 0x0000000614400000|  0%| F|  |TAMS 0x0000000614000000, 0x0000000614000000| Untracked 
|  71|0x0000000614400000, 0x0000000614400000, 0x0000000614800000|  0%| F|  |TAMS 0x0000000614400000, 0x0000000614400000| Untracked 
|  72|0x0000000614800000, 0x0000000614800000, 0x0000000614c00000|  0%| F|  |TAMS 0x0000000614800000, 0x0000000614800000| Untracked 
|  73|0x0000000614c00000, 0x0000000614c00000, 0x0000000615000000|  0%| F|  |TAMS 0x0000000614c00000, 0x0000000614c00000| Untracked 
|  74|0x0000000615000000, 0x0000000615000000, 0x0000000615400000|  0%| F|  |TAMS 0x0000000615000000, 0x0000000615000000| Untracked 
|  75|0x0000000615400000, 0x0000000615400000, 0x0000000615800000|  0%| F|  |TAMS 0x0000000615400000, 0x0000000615400000| Untracked 
|  76|0x0000000615800000, 0x0000000615800000, 0x0000000615c00000|  0%| F|  |TAMS 0x0000000615800000, 0x0000000615800000| Untracked 
|  77|0x0000000615c00000, 0x0000000615c00000, 0x0000000616000000|  0%| F|  |TAMS 0x0000000615c00000, 0x0000000615c00000| Untracked 
|  78|0x0000000616000000, 0x0000000616000000, 0x0000000616400000|  0%| F|  |TAMS 0x0000000616000000, 0x0000000616000000| Untracked 
|  79|0x0000000616400000, 0x0000000616400000, 0x0000000616800000|  0%| F|  |TAMS 0x0000000616400000, 0x0000000616400000| Untracked 
|  80|0x0000000616800000, 0x0000000616800000, 0x0000000616c00000|  0%| F|  |TAMS 0x0000000616800000, 0x0000000616800000| Untracked 
|  81|0x0000000616c00000, 0x0000000616c00000, 0x0000000617000000|  0%| F|  |TAMS 0x0000000616c00000, 0x0000000616c00000| Untracked 
|  82|0x0000000617000000, 0x0000000617000000, 0x0000000617400000|  0%| F|  |TAMS 0x0000000617000000, 0x0000000617000000| Untracked 
|  83|0x0000000617400000, 0x0000000617400000, 0x0000000617800000|  0%| F|  |TAMS 0x0000000617400000, 0x0000000617400000| Untracked 
|  84|0x0000000617800000, 0x0000000617800000, 0x0000000617c00000|  0%| F|  |TAMS 0x0000000617800000, 0x0000000617800000| Untracked 
|  85|0x0000000617c00000, 0x0000000617c00000, 0x0000000618000000|  0%| F|  |TAMS 0x0000000617c00000, 0x0000000617c00000| Untracked 
|  86|0x0000000618000000, 0x0000000618000000, 0x0000000618400000|  0%| F|  |TAMS 0x0000000618000000, 0x0000000618000000| Untracked 
|  87|0x0000000618400000, 0x0000000618400000, 0x0000000618800000|  0%| F|  |TAMS 0x0000000618400000, 0x0000000618400000| Untracked 
|  88|0x0000000618800000, 0x0000000618800000, 0x0000000618c00000|  0%| F|  |TAMS 0x0000000618800000, 0x0000000618800000| Untracked 
|  89|0x0000000618c00000, 0x0000000618c00000, 0x0000000619000000|  0%| F|  |TAMS 0x0000000618c00000, 0x0000000618c00000| Untracked 
|  90|0x0000000619000000, 0x0000000619000000, 0x0000000619400000|  0%| F|  |TAMS 0x0000000619000000, 0x0000000619000000| Untracked 
|  91|0x0000000619400000, 0x0000000619400000, 0x0000000619800000|  0%| F|  |TAMS 0x0000000619400000, 0x0000000619400000| Untracked 
|  92|0x0000000619800000, 0x0000000619800000, 0x0000000619c00000|  0%| F|  |TAMS 0x0000000619800000, 0x0000000619800000| Untracked 
|  93|0x0000000619c00000, 0x0000000619c00000, 0x000000061a000000|  0%| F|  |TAMS 0x0000000619c00000, 0x0000000619c00000| Untracked 
|  94|0x000000061a000000, 0x000000061a000000, 0x000000061a400000|  0%| F|  |TAMS 0x000000061a000000, 0x000000061a000000| Untracked 
|  95|0x000000061a400000, 0x000000061a400000, 0x000000061a800000|  0%| F|  |TAMS 0x000000061a400000, 0x000000061a400000| Untracked 
|  96|0x000000061a800000, 0x000000061a800000, 0x000000061ac00000|  0%| F|  |TAMS 0x000000061a800000, 0x000000061a800000| Untracked 
|  97|0x000000061ac00000, 0x000000061ac00000, 0x000000061b000000|  0%| F|  |TAMS 0x000000061ac00000, 0x000000061ac00000| Untracked 
|  98|0x000000061b000000, 0x000000061b000000, 0x000000061b400000|  0%| F|  |TAMS 0x000000061b000000, 0x000000061b000000| Untracked 
|  99|0x000000061b400000, 0x000000061b400000, 0x000000061b800000|  0%| F|  |TAMS 0x000000061b400000, 0x000000061b400000| Untracked 
| 100|0x000000061b800000, 0x000000061b800000, 0x000000061bc00000|  0%| F|  |TAMS 0x000000061b800000, 0x000000061b800000| Untracked 
| 101|0x000000061bc00000, 0x000000061bc00000, 0x000000061c000000|  0%| F|  |TAMS 0x000000061bc00000, 0x000000061bc00000| Untracked 
| 102|0x000000061c000000, 0x000000061c000000, 0x000000061c400000|  0%| F|  |TAMS 0x000000061c000000, 0x000000061c000000| Untracked 
| 103|0x000000061c400000, 0x000000061c400000, 0x000000061c800000|  0%| F|  |TAMS 0x000000061c400000, 0x000000061c400000| Untracked 
| 104|0x000000061c800000, 0x000000061c800000, 0x000000061cc00000|  0%| F|  |TAMS 0x000000061c800000, 0x000000061c800000| Untracked 
| 105|0x000000061cc00000, 0x000000061cc00000, 0x000000061d000000|  0%| F|  |TAMS 0x000000061cc00000, 0x000000061cc00000| Untracked 
| 106|0x000000061d000000, 0x000000061d000000, 0x000000061d400000|  0%| F|  |TAMS 0x000000061d000000, 0x000000061d000000| Untracked 
| 107|0x000000061d400000, 0x000000061d400000, 0x000000061d800000|  0%| F|  |TAMS 0x000000061d400000, 0x000000061d400000| Untracked 
| 108|0x000000061d800000, 0x000000061d800000, 0x000000061dc00000|  0%| F|  |TAMS 0x000000061d800000, 0x000000061d800000| Untracked 
| 109|0x000000061dc00000, 0x000000061dc00000, 0x000000061e000000|  0%| F|  |TAMS 0x000000061dc00000, 0x000000061dc00000| Untracked 
| 110|0x000000061e000000, 0x000000061e000000, 0x000000061e400000|  0%| F|  |TAMS 0x000000061e000000, 0x000000061e000000| Untracked 
| 111|0x000000061e400000, 0x000000061e400000, 0x000000061e800000|  0%| F|  |TAMS 0x000000061e400000, 0x000000061e400000| Untracked 
| 112|0x000000061e800000, 0x000000061e800000, 0x000000061ec00000|  0%| F|  |TAMS 0x000000061e800000, 0x000000061e800000| Untracked 
| 113|0x000000061ec00000, 0x000000061ec00000, 0x000000061f000000|  0%| F|  |TAMS 0x000000061ec00000, 0x000000061ec00000| Untracked 
| 114|0x000000061f000000, 0x000000061f000000, 0x000000061f400000|  0%| F|  |TAMS 0x000000061f000000, 0x000000061f000000| Untracked 
| 115|0x000000061f400000, 0x000000061f400000, 0x000000061f800000|  0%| F|  |TAMS 0x000000061f400000, 0x000000061f400000| Untracked 
| 116|0x000000061f800000, 0x000000061f800000, 0x000000061fc00000|  0%| F|  |TAMS 0x000000061f800000, 0x000000061f800000| Untracked 
| 117|0x000000061fc00000, 0x000000061fc00000, 0x0000000620000000|  0%| F|  |TAMS 0x000000061fc00000, 0x000000061fc00000| Untracked 
| 118|0x0000000620000000, 0x0000000620000000, 0x0000000620400000|  0%| F|  |TAMS 0x0000000620000000, 0x0000000620000000| Untracked 
| 119|0x0000000620400000, 0x0000000620400000, 0x0000000620800000|  0%| F|  |TAMS 0x0000000620400000, 0x0000000620400000| Untracked 
| 120|0x0000000620800000, 0x0000000620800000, 0x0000000620c00000|  0%| F|  |TAMS 0x0000000620800000, 0x0000000620800000| Untracked 
| 121|0x0000000620c00000, 0x0000000620ed5c08, 0x0000000621000000| 70%| S|CS|TAMS 0x0000000620c00000, 0x0000000620c00000| Complete 
| 122|0x0000000621000000, 0x0000000621000000, 0x0000000621400000|  0%| F|  |TAMS 0x0000000621000000, 0x0000000621000000| Untracked 
| 123|0x0000000621400000, 0x000000062170b560, 0x0000000621800000| 76%| E|  |TAMS 0x0000000621400000, 0x0000000621400000| Complete 
| 124|0x0000000621800000, 0x0000000621c00000, 0x0000000621c00000|100%| E|CS|TAMS 0x0000000621800000, 0x0000000621800000| Complete 
| 125|0x0000000621c00000, 0x0000000622000000, 0x0000000622000000|100%| E|CS|TAMS 0x0000000621c00000, 0x0000000621c00000| Complete 
| 126|0x0000000622000000, 0x0000000622400000, 0x0000000622400000|100%| E|CS|TAMS 0x0000000622000000, 0x0000000622000000| Complete 
| 127|0x0000000622400000, 0x0000000622800000, 0x0000000622800000|100%| E|  |TAMS 0x0000000622400000, 0x0000000622400000| Complete 

Card table byte_map: [0x0000016a40e30000,0x0000016a41e20000] _byte_map_base: 0x0000016a3de1c000

Marking Bits (Prev, Next): (CMBitMap*) 0x0000016a2841ec40, (CMBitMap*) 0x0000016a2841ec80
 Prev Bits: [0x0000016a42e10000, 0x0000016a4ad70000)
 Next Bits: [0x0000016a4ad70000, 0x0000016a52cd0000)

Polling page: 0x0000016a26090000

Metaspace:

Usage:
  Non-class:      9.96 MB capacity,     9.79 MB ( 98%) used,   155.85 KB (  2%) free+waste,    16.69 KB ( <1%) overhead. 
      Class:      1.50 MB capacity,     1.41 MB ( 94%) used,    80.23 KB (  5%) free+waste,     7.38 KB ( <1%) overhead. 
       Both:     11.46 MB capacity,    11.21 MB ( 98%) used,   236.09 KB (  2%) free+waste,    24.06 KB ( <1%) overhead. 

Virtual space:
  Non-class space:       10.00 MB reserved,      10.00 MB (100%) committed 
      Class space:        1.00 GB reserved,       1.50 MB ( <1%) committed 
             Both:        1.01 GB reserved,      11.50 MB (  1%) committed 

Chunk freelists:
   Non-Class:  40.00 KB
       Class:  1.00 KB
        Both:  41.00 KB

MaxMetaspaceSize: 17179869184.00 GB
CompressedClassSpaceSize: 1.00 GB

CodeHeap 'non-profiled nmethods': size=120000Kb used=500Kb max_used=500Kb free=119499Kb
 bounds [0x0000016a383c0000, 0x0000016a38630000, 0x0000016a3f8f0000]
CodeHeap 'profiled nmethods': size=120000Kb used=2299Kb max_used=2299Kb free=117700Kb
 bounds [0x0000016a30e90000, 0x0000016a31100000, 0x0000016a383c0000]
CodeHeap 'non-nmethods': size=5760Kb used=1333Kb max_used=1348Kb free=4426Kb
 bounds [0x0000016a308f0000, 0x0000016a30b60000, 0x0000016a30e90000]
 total_blobs=2029 nmethods=1392 adapters=550
 compilation: enabled
              stopped_count=0, restarted_count=0
 full_count=0

Compilation events (20 events):
Event: 0.995 Thread 0x0000016a5594d800 1368       3       java.lang.invoke.MethodHandles$Lookup$ClassOption::optionsToFlag (40 bytes)
Event: 0.995 Thread 0x0000016a5594c8d0 1370       4       java.lang.System::getSecurityManager (12 bytes)
Event: 0.995 Thread 0x0000016a5594d800 nmethod 1368 0x0000016a310c3c90 code [0x0000016a310c3e60, 0x0000016a310c4368]
Event: 0.995 Thread 0x0000016a5594d800 1367       3       java.lang.invoke.MethodHandles$Lookup::makeHiddenClassDefiner (42 bytes)
Event: 0.995 Thread 0x0000016a5594c8d0 nmethod 1370 0x0000016a38439e90 code [0x0000016a3843a000, 0x0000016a3843a058]
Event: 0.995 Thread 0x0000016a5594d800 nmethod 1367 0x0000016a310c4510 code [0x0000016a310c47c0, 0x0000016a310c56d8]
Event: 0.995 Thread 0x0000016a5594d800 1369       3       java.lang.System::getProperty (25 bytes)
Event: 0.996 Thread 0x0000016a5594d800 nmethod 1369 0x0000016a310c5c10 code [0x0000016a310c5e20, 0x0000016a310c6538]
Event: 0.996 Thread 0x0000016a5594d800 1371       3       java.util.Properties$LineReader::readLine (584 bytes)
Event: 0.996 Thread 0x0000016a5594c8d0 1373       4       java.util.ArrayList::<init> (12 bytes)
Event: 0.997 Thread 0x0000016a5594c8d0 nmethod 1373 0x0000016a3843a190 code [0x0000016a3843a300, 0x0000016a3843a418]
Event: 0.997 Thread 0x0000016a5594d800 nmethod 1371 0x0000016a310c6790 code [0x0000016a310c6b60, 0x0000016a310c9818]
Event: 0.997 Thread 0x0000016a5594d800 1372       3       java.lang.invoke.InnerClassLambdaMetafactory::getOpcodeOffset (38 bytes)
Event: 0.997 Thread 0x0000016a5594d800 nmethod 1372 0x0000016a310ca590 code [0x0000016a310ca740, 0x0000016a310ca9b8]
Event: 0.999 Thread 0x0000016a5594d800 1374       1       java.lang.reflect.Constructor::getConstructorAccessor (5 bytes)
Event: 0.999 Thread 0x0000016a5594d800 nmethod 1374 0x0000016a3843a490 code [0x0000016a3843a620, 0x0000016a3843a6d8]
Event: 0.999 Thread 0x0000016a5594d800 1375       1       java.lang.reflect.Constructor::getRoot (5 bytes)
Event: 0.999 Thread 0x0000016a5594d800 nmethod 1375 0x0000016a3843a790 code [0x0000016a3843a920, 0x0000016a3843a9d8]
Event: 0.999 Thread 0x0000016a5594d800 1376       1       jdk.internal.reflect.DelegatingConstructorAccessorImpl::setDelegate (6 bytes)
Event: 0.999 Thread 0x0000016a5594d800 nmethod 1376 0x0000016a3843aa90 code [0x0000016a3843ac20, 0x0000016a3843ad38]

GC Heap History (2 events):
Event: 0.697 GC heap before
{Heap before GC invocations=0 (full 0):
 garbage-first heap   total 524288K, used 20480K [0x0000000602800000, 0x0000000800000000)
  region size 4096K, 6 young (24576K), 0 survivors (0K)
 Metaspace       used 4676K, capacity 6657K, committed 6912K, reserved 1056768K
  class space    used 527K, capacity 701K, committed 768K, reserved 1048576K
}
Event: 0.699 GC heap after
{Heap after GC invocations=1 (full 0):
 garbage-first heap   total 524288K, used 2903K [0x0000000602800000, 0x0000000800000000)
  region size 4096K, 1 young (4096K), 1 survivors (4096K)
 Metaspace       used 4676K, capacity 6657K, committed 6912K, reserved 1056768K
  class space    used 527K, capacity 701K, committed 768K, reserved 1048576K
}

Deoptimization events (20 events):
Event: 0.956 Thread 0x0000016a56e44850 Uncommon trap: trap_request=0xffffffde fr.pc=0x0000016a3842b44c relative=0x000000000000048c
Event: 0.956 Thread 0x0000016a56e44850 Uncommon trap: reason=class_check action=maybe_recompile pc=0x0000016a3842b44c method=java.io.DataInputStream.readShort()S @ 4 c2
Event: 0.956 Thread 0x0000016a56e44850 DEOPT PACKING pc=0x0000016a3842b44c sp=0x00000037778fc860
Event: 0.956 Thread 0x0000016a56e44850 DEOPT UNPACKING pc=0x0000016a3093e42f sp=0x00000037778fc820 mode 2
Event: 0.956 Thread 0x0000016a56e44850 Uncommon trap: trap_request=0xffffffde fr.pc=0x0000016a3842b44c relative=0x000000000000048c
Event: 0.956 Thread 0x0000016a56e44850 Uncommon trap: reason=class_check action=maybe_recompile pc=0x0000016a3842b44c method=java.io.DataInputStream.readShort()S @ 4 c2
Event: 0.956 Thread 0x0000016a56e44850 DEOPT PACKING pc=0x0000016a3842b44c sp=0x00000037778fc710
Event: 0.956 Thread 0x0000016a56e44850 DEOPT UNPACKING pc=0x0000016a3093e42f sp=0x00000037778fc6d0 mode 2
Event: 0.961 Thread 0x0000016a56e44850 Uncommon trap: trap_request=0xffffff45 fr.pc=0x0000016a383f5e44 relative=0x0000000000000644
Event: 0.961 Thread 0x0000016a56e44850 Uncommon trap: reason=unstable_if action=reinterpret pc=0x0000016a383f5e44 method=java.util.HashMap.putVal(ILjava/lang/Object;Ljava/lang/Object;ZZ)Ljava/lang/Object; @ 162 c2
Event: 0.961 Thread 0x0000016a56e44850 DEOPT PACKING pc=0x0000016a383f5e44 sp=0x00000037778fc820
Event: 0.961 Thread 0x0000016a56e44850 DEOPT UNPACKING pc=0x0000016a3093e42f sp=0x00000037778fc7c0 mode 2
Event: 0.961 Thread 0x0000016a56e44850 Uncommon trap: trap_request=0xffffff45 fr.pc=0x0000016a3842a334 relative=0x00000000000004f4
Event: 0.961 Thread 0x0000016a56e44850 Uncommon trap: reason=unstable_if action=reinterpret pc=0x0000016a3842a334 method=java.util.HashMap.getNode(Ljava/lang/Object;)Ljava/util/HashMap$Node; @ 85 c2
Event: 0.961 Thread 0x0000016a56e44850 DEOPT PACKING pc=0x0000016a3842a334 sp=0x00000037778fc900
Event: 0.961 Thread 0x0000016a56e44850 DEOPT UNPACKING pc=0x0000016a3093e42f sp=0x00000037778fc880 mode 2
Event: 0.962 Thread 0x0000016a56e44850 Uncommon trap: trap_request=0xffffff45 fr.pc=0x0000016a38428638 relative=0x0000000000000958
Event: 0.962 Thread 0x0000016a56e44850 Uncommon trap: reason=unstable_if action=reinterpret pc=0x0000016a38428638 method=java.util.HashMap.resize()[Ljava/util/HashMap$Node; @ 203 c2
Event: 0.962 Thread 0x0000016a56e44850 DEOPT PACKING pc=0x0000016a38428638 sp=0x00000037778fc740
Event: 0.962 Thread 0x0000016a56e44850 DEOPT UNPACKING pc=0x0000016a3093e42f sp=0x00000037778fc6e8 mode 2

Classes unloaded (0 events):
No events

Classes redefined (0 events):
No events

Internal exceptions (20 events):
Event: 0.196 Thread 0x0000016a283a7460 Exception <a 'java/lang/NoSuchMethodError'{0x0000000621e3edb0}: 'java.lang.Object java.lang.invoke.DirectMethodHandle$Holder.invokeInterface(java.lang.Object, java.lang.Object)'> (0x0000000621e3edb0) 
thrown [./src/hotspot/share/interpreter/linkResolver.cpp, line 782]
Event: 0.197 Thread 0x0000016a283a7460 Exception <a 'java/lang/IncompatibleClassChangeError'{0x0000000621e42500}: Found class java.lang.Object, but interface was expected> (0x0000000621e42500) 
thrown [./src/hotspot/share/interpreter/linkResolver.cpp, line 848]
Event: 0.197 Thread 0x0000016a283a7460 Exception <a 'java/lang/NoSuchMethodError'{0x0000000621e454f8}: 'void java.lang.invoke.DirectMethodHandle$Holder.invokeStatic(java.lang.Object, java.lang.Object, java.lang.Object, java.lang.Object)'> (0x0000000621e454f8) 
thrown [./src/hotspot/share/interpreter/linkResolver.cpp, line 782]
Event: 0.235 Thread 0x0000016a56b16f70 Exception <a 'java/lang/ClassNotFoundException'{0x0000000621f6d470}: jdk/net/ExtendedSocketOptions> (0x0000000621f6d470) 
thrown [./src/hotspot/share/classfile/systemDictionary.cpp, line 295]
Event: 0.236 Thread 0x0000016a56b16f70 Exception <a 'java/lang/NoSuchMethodError'{0x0000000621f6ebf0}: 'void java.lang.invoke.DirectMethodHandle$Holder.invokeStatic(java.lang.Object, java.lang.Object)'> (0x0000000621f6ebf0) 
thrown [./src/hotspot/share/interpreter/linkResolver.cpp, line 782]
Event: 0.294 Thread 0x0000016a283a7460 Exception <a 'java/lang/NoSuchMethodError'{0x0000000621a416f0}: 'void java.lang.invoke.DirectMethodHandle$Holder.invokeStaticInit(java.lang.Object, java.lang.Object)'> (0x0000000621a416f0) 
thrown [./src/hotspot/share/interpreter/linkResolver.cpp, line 782]
Event: 0.449 Thread 0x0000016a283a7460 Exception <a 'java/lang/NoSuchMethodError'{0x00000006216453f0}: 'void java.lang.invoke.DirectMethodHandle$Holder.invokeStatic(java.lang.Object, java.lang.Object, java.lang.Object)'> (0x00000006216453f0) 
thrown [./src/hotspot/share/interpreter/linkResolver.cpp, line 782]
Event: 0.510 Thread 0x0000016a283a7460 Exception <a 'java/lang/NoSuchMethodError'{0x0000000621661bc8}: 'int java.lang.invoke.DirectMethodHandle$Holder.invokeStaticInit(java.lang.Object, java.lang.Object, java.lang.Object)'> (0x0000000621661bc8) 
thrown [./src/hotspot/share/interpreter/linkResolver.cpp, line 782]
Event: 0.526 Thread 0x0000016a283a7460 Exception <a 'java/lang/NoSuchMethodError'{0x000000062179ad60}: 'java.lang.Object java.lang.invoke.DirectMethodHandle$Holder.newInvokeSpecial(java.lang.Object, java.lang.Object, int, java.lang.Object)'> (0x000000062179ad60) 
thrown [./src/hotspot/share/interpreter/linkResolver.cpp, line 782]
Event: 0.526 Thread 0x0000016a283a7460 Exception <a 'java/lang/NoSuchMethodError'{0x000000062179f248}: 'java.lang.Object java.lang.invoke.DirectMethodHandle$Holder.invokeSpecial(java.lang.Object, java.lang.Object, java.lang.Object, int, java.lang.Object)'> (0x000000062179f248) 
thrown [./src/hotspot/share/interpreter/linkResolver.cpp, line 782]
Event: 0.671 Thread 0x0000016a56e44850 Exception <a 'java/lang/NoSuchMethodError'{0x0000000621286bc0}: 'void java.lang.invoke.DirectMethodHandle$Holder.invokeStaticInit(java.lang.Object)'> (0x0000000621286bc0) 
thrown [./src/hotspot/share/interpreter/linkResolver.cpp, line 782]
Event: 0.674 Thread 0x0000016a283a7460 Exception <a 'java/lang/NoSuchMethodError'{0x00000006217b5a08}: 'java.lang.Object java.lang.invoke.DirectMethodHandle$Holder.newInvokeSpecial(java.lang.Object, java.lang.Object, java.lang.Object, java.lang.Object, java.lang.Object, java.lang.Object)'> (0x00000006217b5a08) 
thrown [./src/hotspot/share/interpreter/linkResolver.cpp, line 782]
Event: 0.691 Thread 0x0000016a283a7460 Exception <a 'java/lang/NoSuchMethodError'{0x00000006217e58c0}: 'java.lang.Object java.lang.invoke.DirectMethodHandle$Holder.newInvokeSpecial(java.lang.Object, java.lang.Object, java.lang.Object, java.lang.Object, java.lang.Object)'> (0x00000006217e58c0) 
thrown [./src/hotspot/share/interpreter/linkResolver.cpp, line 782]
Event: 0.724 Thread 0x0000016a56e44850 Exception <a 'java/lang/ClassNotFoundException'{0x00000006226f6418}: sun/awt/resources/spi/awtProvider> (0x00000006226f6418) 
thrown [./src/hotspot/share/classfile/systemDictionary.cpp, line 295]
Event: 0.730 Thread 0x0000016a56e44850 Exception <a 'java/io/FileNotFoundException'{0x0000000622708a28}> (0x0000000622708a28) 
thrown [./src/hotspot/share/prims/jni.cpp, line 578]
Event: 0.730 Thread 0x0000016a56e44850 Exception <a 'java/io/FileNotFoundException'{0x0000000622709f98}> (0x0000000622709f98) 
thrown [./src/hotspot/share/prims/jni.cpp, line 578]
Event: 0.745 Thread 0x0000016a56e44850 Exception <a 'sun/nio/fs/WindowsException'{0x00000006227db900}> (0x00000006227db900) 
thrown [./src/hotspot/share/prims/jni.cpp, line 578]
Event: 0.856 Thread 0x0000016a56e44850 Exception <a 'sun/nio/fs/WindowsException'{0x0000000622193700}> (0x0000000622193700) 
thrown [./src/hotspot/share/prims/jni.cpp, line 578]
Event: 0.888 Thread 0x0000016a56e44850 Exception <a 'java/lang/NoSuchMethodError'{0x00000006223ce0e0}: 'java.lang.Object java.lang.invoke.DirectMethodHandle$Holder.invokeStaticInit(java.lang.Object, java.lang.Object, java.lang.Object, java.lang.Object)'> (0x00000006223ce0e0) 
thrown [./src/hotspot/share/interpreter/linkResolver.cpp, line 782]
Event: 0.889 Thread 0x0000016a56e44850 Exception <a 'java/lang/NullPointerException'{0x00000006223da2f8}> (0x00000006223da2f8) 
thrown [./src/hotspot/share/interpreter/linkResolver.cpp, line 1374]

Events (20 events):
Event: 0.982 loading class sun/reflect/generics/tree/ClassSignature
Event: 0.982 loading class sun/reflect/generics/tree/ClassSignature done
Event: 0.982 loading class sun/reflect/generics/tree/TypeVariableSignature
Event: 0.982 loading class sun/reflect/generics/tree/TypeVariableSignature done
Event: 0.982 loading class sun/reflect/generics/reflectiveObjects/TypeVariableImpl
Event: 0.982 loading class sun/reflect/generics/reflectiveObjects/LazyReflectiveObjectGenerator
Event: 0.982 loading class sun/reflect/generics/reflectiveObjects/LazyReflectiveObjectGenerator done
Event: 0.982 loading class sun/reflect/generics/reflectiveObjects/TypeVariableImpl done
Event: 0.989 loading class com/sun/org/apache/xerces/internal/impl/io/MalformedByteSequenceException
Event: 0.989 loading class java/io/CharConversionException
Event: 0.989 loading class java/io/CharConversionException done
Event: 0.989 loading class com/sun/org/apache/xerces/internal/impl/io/MalformedByteSequenceException done
Event: 0.994 loading class jdk/internal/logger/LoggerFinderLoader
Event: 0.994 loading class jdk/internal/logger/LoggerFinderLoader done
Event: 0.994 loading class java/io/FilePermission$1
Event: 0.994 loading class jdk/internal/access/JavaIOFilePermissionAccess
Event: 0.994 loading class jdk/internal/access/JavaIOFilePermissionAccess done
Event: 0.994 loading class java/io/FilePermission$1 done
Event: 0.996 loading class sun/util/logging/internal/LoggingProviderImpl$JULWrapper
Event: 0.996 loading class sun/util/logging/internal/LoggingProviderImpl$JULWrapper done


Dynamic libraries:
0x00007ff625aa0000 - 0x00007ff625aad000 	C:\Users\Predator\.jdks\azul-15.0.8\bin\java.exe
0x00007ff8c1640000 - 0x00007ff8c1849000 	C:\WINDOWS\SYSTEM32\ntdll.dll
0x00007ff8c0230000 - 0x00007ff8c02ed000 	C:\WINDOWS\System32\KERNEL32.DLL
0x00007ff8bed30000 - 0x00007ff8bf0ad000 	C:\WINDOWS\System32\KERNELBASE.dll
0x00007ff8bec10000 - 0x00007ff8bed21000 	C:\WINDOWS\System32\ucrtbase.dll
0x00007ff8b8310000 - 0x00007ff8b8325000 	C:\Users\Predator\.jdks\azul-15.0.8\bin\VCRUNTIME140.dll
0x00007ff8b9640000 - 0x00007ff8b9658000 	C:\Users\Predator\.jdks\azul-15.0.8\bin\jli.dll
0x00007ff8bf4d0000 - 0x00007ff8bf67d000 	C:\WINDOWS\System32\USER32.dll
0x00007ff8a63f0000 - 0x00007ff8a6695000 	C:\WINDOWS\WinSxS\amd64_microsoft.windows.common-controls_6595b64144ccf1df_6.0.22000.120_none_9d947278b86cc467\COMCTL32.dll
0x00007ff8bf4a0000 - 0x00007ff8bf4c6000 	C:\WINDOWS\System32\win32u.dll
0x00007ff8bf9d0000 - 0x00007ff8bfa73000 	C:\WINDOWS\System32\msvcrt.dll
0x00007ff8bf750000 - 0x00007ff8bf779000 	C:\WINDOWS\System32\GDI32.dll
0x00007ff8bf170000 - 0x00007ff8bf288000 	C:\WINDOWS\System32\gdi32full.dll
0x00007ff8bf290000 - 0x00007ff8bf32d000 	C:\WINDOWS\System32\msvcp_win.dll
0x00007ff8bf710000 - 0x00007ff8bf741000 	C:\WINDOWS\System32\IMM32.DLL
0x00007ff872430000 - 0x00007ff8724cb000 	C:\Users\Predator\.jdks\azul-15.0.8\bin\msvcp140.dll
0x00007ff819360000 - 0x00007ff819efa000 	C:\Users\Predator\.jdks\azul-15.0.8\bin\server\jvm.dll
0x00007ff8bf920000 - 0x00007ff8bf9ce000 	C:\WINDOWS\System32\ADVAPI32.dll
0x00007ff8c0f90000 - 0x00007ff8c102e000 	C:\WINDOWS\System32\sechost.dll
0x00007ff8bfef0000 - 0x00007ff8c0010000 	C:\WINDOWS\System32\RPCRT4.dll
0x00007ff8c0370000 - 0x00007ff8c0378000 	C:\WINDOWS\System32\PSAPI.DLL
0x00007ff89f6e0000 - 0x00007ff89f6e9000 	C:\WINDOWS\SYSTEM32\WSOCK32.dll
0x00007ff8b6550000 - 0x00007ff8b6583000 	C:\WINDOWS\SYSTEM32\WINMM.dll
0x00007ff8bf680000 - 0x00007ff8bf6ef000 	C:\WINDOWS\System32\WS2_32.dll
0x00007ff8b7810000 - 0x00007ff8b781a000 	C:\WINDOWS\SYSTEM32\VERSION.dll
0x00007ff8bdd10000 - 0x00007ff8bdd28000 	C:\WINDOWS\SYSTEM32\kernel.appcore.dll
0x00007ff8ba970000 - 0x00007ff8ba97a000 	C:\Users\Predator\.jdks\azul-15.0.8\bin\jimage.dll
0x00007ff8bc110000 - 0x00007ff8bc331000 	C:\WINDOWS\SYSTEM32\DBGHELP.DLL
0x00007ff8a45a0000 - 0x00007ff8a45d1000 	C:\WINDOWS\SYSTEM32\dbgcore.DLL
0x00007ff8beb90000 - 0x00007ff8bec0f000 	C:\WINDOWS\System32\bcryptPrimitives.dll
0x00007ff8a9480000 - 0x00007ff8a948e000 	C:\Users\Predator\.jdks\azul-15.0.8\bin\instrument.dll
0x00007ff893a20000 - 0x00007ff893a45000 	C:\Users\Predator\.jdks\azul-15.0.8\bin\java.dll
0x00007ff8c07d0000 - 0x00007ff8c0f88000 	C:\WINDOWS\System32\SHELL32.dll
0x00007ff8bcca0000 - 0x00007ff8bd508000 	C:\WINDOWS\SYSTEM32\windows.storage.dll
0x00007ff8c1220000 - 0x00007ff8c1599000 	C:\WINDOWS\System32\combase.dll
0x00007ff8bcb30000 - 0x00007ff8bcc96000 	C:\WINDOWS\SYSTEM32\wintypes.dll
0x00007ff8c05f0000 - 0x00007ff8c06da000 	C:\WINDOWS\System32\SHCORE.dll
0x00007ff8c15a0000 - 0x00007ff8c15fd000 	C:\WINDOWS\System32\shlwapi.dll
0x00007ff8bea50000 - 0x00007ff8bea71000 	C:\WINDOWS\SYSTEM32\profapi.dll
0x00007ff893a00000 - 0x00007ff893a19000 	C:\Users\Predator\.jdks\azul-15.0.8\bin\net.dll
0x00007ff8b8180000 - 0x00007ff8b828c000 	C:\WINDOWS\SYSTEM32\WINHTTP.dll
0x00007ff8be140000 - 0x00007ff8be1a7000 	C:\WINDOWS\system32\mswsock.dll
0x00007ff8939e0000 - 0x00007ff8939f2000 	C:\Users\Predator\.jdks\azul-15.0.8\bin\nio.dll
0x00007ff891a30000 - 0x00007ff891a48000 	C:\Users\Predator\.jdks\azul-15.0.8\bin\zip.dll
0x00007ff8917b0000 - 0x00007ff8917ca000 	C:\Users\Predator\AppData\Local\JetBrains\Toolbox\apps\IDEA-U\ch-0\212.4746.92\bin\breakgen64.dll
0x0000016a263b0000 - 0x0000016a263b3000 	C:\Users\Predator\.openjfx\cache\15.0.1\api-ms-win-core-console-l1-1-0.dll
0x0000016a263c0000 - 0x0000016a263c3000 	C:\Users\Predator\.openjfx\cache\15.0.1\api-ms-win-core-console-l1-2-0.dll
0x0000016a282d0000 - 0x0000016a282d3000 	C:\Users\Predator\.openjfx\cache\15.0.1\api-ms-win-core-datetime-l1-1-0.dll
0x0000016a282e0000 - 0x0000016a282e3000 	C:\Users\Predator\.openjfx\cache\15.0.1\api-ms-win-core-debug-l1-1-0.dll
0x0000016a282f0000 - 0x0000016a282f3000 	C:\Users\Predator\.openjfx\cache\15.0.1\api-ms-win-core-errorhandling-l1-1-0.dll
0x0000016a28300000 - 0x0000016a28304000 	C:\Users\Predator\.openjfx\cache\15.0.1\api-ms-win-core-file-l1-1-0.dll
0x0000016a28310000 - 0x0000016a28313000 	C:\Users\Predator\.openjfx\cache\15.0.1\api-ms-win-core-file-l1-2-0.dll
0x0000016a28320000 - 0x0000016a28323000 	C:\Users\Predator\.openjfx\cache\15.0.1\api-ms-win-core-file-l2-1-0.dll
0x0000016a28330000 - 0x0000016a28333000 	C:\Users\Predator\.openjfx\cache\15.0.1\api-ms-win-core-handle-l1-1-0.dll
0x0000016a28340000 - 0x0000016a28343000 	C:\Users\Predator\.openjfx\cache\15.0.1\api-ms-win-core-heap-l1-1-0.dll
0x0000016a28350000 - 0x0000016a28353000 	C:\Users\Predator\.openjfx\cache\15.0.1\api-ms-win-core-interlocked-l1-1-0.dll
0x0000016a28360000 - 0x0000016a28363000 	C:\Users\Predator\.openjfx\cache\15.0.1\api-ms-win-core-libraryloader-l1-1-0.dll
0x0000016a28370000 - 0x0000016a28373000 	C:\Users\Predator\.openjfx\cache\15.0.1\api-ms-win-core-localization-l1-2-0.dll
0x0000016a56eb0000 - 0x0000016a56eb3000 	C:\Users\Predator\.openjfx\cache\15.0.1\api-ms-win-core-memory-l1-1-0.dll
0x0000016a56ec0000 - 0x0000016a56ec3000 	C:\Users\Predator\.openjfx\cache\15.0.1\api-ms-win-core-namedpipe-l1-1-0.dll
0x0000016a56ed0000 - 0x0000016a56ed3000 	C:\Users\Predator\.openjfx\cache\15.0.1\api-ms-win-core-processenvironment-l1-1-0.dll
0x0000016a56ee0000 - 0x0000016a56ee3000 	C:\Users\Predator\.openjfx\cache\15.0.1\api-ms-win-core-processthreads-l1-1-0.dll
0x0000016a56ef0000 - 0x0000016a56ef3000 	C:\Users\Predator\.openjfx\cache\15.0.1\api-ms-win-core-processthreads-l1-1-1.dll
0x0000016a56f00000 - 0x0000016a56f03000 	C:\Users\Predator\.openjfx\cache\15.0.1\api-ms-win-core-profile-l1-1-0.dll
0x0000016a56f10000 - 0x0000016a56f13000 	C:\Users\Predator\.openjfx\cache\15.0.1\api-ms-win-core-rtlsupport-l1-1-0.dll
0x0000016a56f20000 - 0x0000016a56f23000 	C:\Users\Predator\.openjfx\cache\15.0.1\api-ms-win-core-string-l1-1-0.dll
0x0000016a56f30000 - 0x0000016a56f33000 	C:\Users\Predator\.openjfx\cache\15.0.1\api-ms-win-core-synch-l1-1-0.dll
0x0000016a56f40000 - 0x0000016a56f43000 	C:\Users\Predator\.openjfx\cache\15.0.1\api-ms-win-core-synch-l1-2-0.dll
0x0000016a56f50000 - 0x0000016a56f53000 	C:\Users\Predator\.openjfx\cache\15.0.1\api-ms-win-core-sysinfo-l1-1-0.dll
0x0000016a56f60000 - 0x0000016a56f63000 	C:\Users\Predator\.openjfx\cache\15.0.1\api-ms-win-core-timezone-l1-1-0.dll
0x0000016a56f70000 - 0x0000016a56f73000 	C:\Users\Predator\.openjfx\cache\15.0.1\api-ms-win-core-util-l1-1-0.dll
0x0000016a56f80000 - 0x0000016a56f83000 	C:\Users\Predator\.openjfx\cache\15.0.1\api-ms-win-crt-conio-l1-1-0.dll
0x0000016a56f90000 - 0x0000016a56f94000 	C:\Users\Predator\.openjfx\cache\15.0.1\api-ms-win-crt-convert-l1-1-0.dll
0x0000016a56fa0000 - 0x0000016a56fa3000 	C:\Users\Predator\.openjfx\cache\15.0.1\api-ms-win-crt-environment-l1-1-0.dll
0x0000016a56fb0000 - 0x0000016a56fb3000 	C:\Users\Predator\.openjfx\cache\15.0.1\api-ms-win-crt-filesystem-l1-1-0.dll
0x0000016a56fc0000 - 0x0000016a56fc3000 	C:\Users\Predator\.openjfx\cache\15.0.1\api-ms-win-crt-heap-l1-1-0.dll
0x0000016a56fd0000 - 0x0000016a56fd3000 	C:\Users\Predator\.openjfx\cache\15.0.1\api-ms-win-crt-locale-l1-1-0.dll
0x0000016a56fe0000 - 0x0000016a56fe5000 	C:\Users\Predator\.openjfx\cache\15.0.1\api-ms-win-crt-math-l1-1-0.dll
0x0000016a56ff0000 - 0x0000016a56ff5000 	C:\Users\Predator\.openjfx\cache\15.0.1\api-ms-win-crt-multibyte-l1-1-0.dll
0x0000016a57000000 - 0x0000016a57010000 	C:\Users\Predator\.openjfx\cache\15.0.1\api-ms-win-crt-private-l1-1-0.dll
0x0000016a57010000 - 0x0000016a57013000 	C:\Users\Predator\.openjfx\cache\15.0.1\api-ms-win-crt-process-l1-1-0.dll
0x0000016a57020000 - 0x0000016a57024000 	C:\Users\Predator\.openjfx\cache\15.0.1\api-ms-win-crt-runtime-l1-1-0.dll
0x0000016a57030000 - 0x0000016a57034000 	C:\Users\Predator\.openjfx\cache\15.0.1\api-ms-win-crt-stdio-l1-1-0.dll
0x0000016a57040000 - 0x0000016a57044000 	C:\Users\Predator\.openjfx\cache\15.0.1\api-ms-win-crt-string-l1-1-0.dll
0x0000016a57050000 - 0x0000016a57053000 	C:\Users\Predator\.openjfx\cache\15.0.1\api-ms-win-crt-time-l1-1-0.dll
0x0000016a57060000 - 0x0000016a57063000 	C:\Users\Predator\.openjfx\cache\15.0.1\api-ms-win-crt-utility-l1-1-0.dll
0x00007ff847810000 - 0x00007ff84790c000 	C:\Users\Predator\.openjfx\cache\15.0.1\ucrtbase.dll
0x00007ff87c6a0000 - 0x00007ff87c6b5000 	C:\Users\Predator\.openjfx\cache\15.0.1\vcruntime140.dll
0x00007ff8a46e0000 - 0x00007ff8a46ec000 	C:\Windows\System32\vcruntime140_1.dll
0x00007ff848d40000 - 0x00007ff848ddb000 	C:\Users\Predator\.openjfx\cache\15.0.1\msvcp140.dll
0x00007ff8763c0000 - 0x00007ff8763e3000 	C:\Users\Predator\.openjfx\cache\15.0.1\prism_d3d.dll
0x00007ff8b3890000 - 0x00007ff8b3a36000 	C:\WINDOWS\system32\d3d9.dll
0x00007ff8bc620000 - 0x00007ff8bc64f000 	C:\WINDOWS\SYSTEM32\dwmapi.dll
0x00007ff8bc460000 - 0x00007ff8bc498000 	C:\WINDOWS\SYSTEM32\dxcore.dll
0x00007ff8bbdd0000 - 0x00007ff8bbe7c000 	C:\WINDOWS\system32\uxtheme.dll
0x00007ff8b5220000 - 0x00007ff8b52d0000 	C:\WINDOWS\System32\DriverStore\FileRepository\nvaci.inf_amd64_944ae008a084169c\nvldumdx.dll
0x00007ff8be3e0000 - 0x00007ff8be3f2000 	C:\WINDOWS\SYSTEM32\msasn1.dll
0x00007ff8b51e0000 - 0x00007ff8b5211000 	C:\WINDOWS\SYSTEM32\cryptnet.dll
0x00007ff8bf330000 - 0x00007ff8bf492000 	C:\WINDOWS\System32\CRYPT32.dll
0x00007ff8b5040000 - 0x00007ff8b5189000 	C:\WINDOWS\SYSTEM32\drvstore.dll
0x00007ff8be7f0000 - 0x00007ff8be81c000 	C:\WINDOWS\SYSTEM32\devobj.dll
0x00007ff8be820000 - 0x00007ff8be86c000 	C:\WINDOWS\SYSTEM32\cfgmgr32.dll
0x00007ff8be450000 - 0x00007ff8be490000 	C:\WINDOWS\SYSTEM32\wldp.dll
0x00007ff8be380000 - 0x00007ff8be38c000 	C:\WINDOWS\SYSTEM32\cryptbase.dll
0x00007ff8beb20000 - 0x00007ff8beb87000 	C:\WINDOWS\System32\WINTRUST.DLL
0x00007ff8c0010000 - 0x00007ff8c002f000 	C:\WINDOWS\System32\imagehlp.dll
0x00007ff8be390000 - 0x00007ff8be3a8000 	C:\WINDOWS\SYSTEM32\CRYPTSP.dll
0x00007ff8bdc70000 - 0x00007ff8bdca5000 	C:\WINDOWS\system32\rsaenh.dll
0x00007ff8be500000 - 0x00007ff8be527000 	C:\WINDOWS\SYSTEM32\bcrypt.dll
0x00007ff824640000 - 0x00007ff825dc8000 	C:\WINDOWS\System32\DriverStore\FileRepository\nvaci.inf_amd64_944ae008a084169c\nvd3dumx.dll
0x00007ff8b8290000 - 0x00007ff8b82d4000 	C:\WINDOWS\SYSTEM32\directxdatabasehelper.dll
0x00007ff8bc4e0000 - 0x00007ff8bc514000 	C:\WINDOWS\SYSTEM32\ntmarta.dll
0x00007ff877d30000 - 0x00007ff877e8d000 	C:\WINDOWS\System32\DriverStore\FileRepository\iigd_dch.inf_amd64_4acda2eddc74c35a\igdumdim64.dll
0x00007ff820d30000 - 0x00007ff824639000 	C:\WINDOWS\System32\DriverStore\FileRepository\iigd_dch.inf_amd64_4acda2eddc74c35a\igd9dxva64.dll
0x00007ff8bf780000 - 0x00007ff8bf91a000 	C:\WINDOWS\System32\ole32.dll
0x00007ff8c0150000 - 0x00007ff8c0226000 	C:\WINDOWS\System32\OLEAUT32.dll
0x00007ff8bfa80000 - 0x00007ff8bfeec000 	C:\WINDOWS\System32\SETUPAPI.dll
0x00007ff8b2d20000 - 0x00007ff8b2ec4000 	C:\WINDOWS\System32\DriverStore\FileRepository\iigd_dch.inf_amd64_4acda2eddc74c35a\igdgmm64.dll
0x00007ff874700000 - 0x00007ff874745000 	C:\Users\Predator\.openjfx\cache\15.0.1\glass.dll
0x00007ff8c1030000 - 0x00007ff8c111c000 	C:\WINDOWS\System32\COMDLG32.dll
0x00007ff8c0030000 - 0x00007ff8c014e000 	C:\WINDOWS\System32\MSCTF.dll
0x00007ff888710000 - 0x00007ff8889d7000 	C:\WINDOWS\system32\nvspcap64.dll
0x00007ff8be1d0000 - 0x00007ff8be1f4000 	C:\WINDOWS\SYSTEM32\gpapi.dll
0x00007ff81aa30000 - 0x00007ff81abc8000 	C:\Users\Predator\.jdks\azul-15.0.8\bin\awt.dll
0x00007ff8bb5f0000 - 0x00007ff8bb681000 	C:\WINDOWS\SYSTEM32\apphelp.dll
0x00007ff88b920000 - 0x00007ff88ba21000 	C:\WINDOWS\system32\opengl32.dll
0x00007ff891530000 - 0x00007ff89155d000 	C:\WINDOWS\SYSTEM32\GLU32.dll
0x00007ff878350000 - 0x00007ff878364000 	C:\Users\Predator\.openjfx\cache\15.0.1\javafx_font.dll

dbghelp: loaded successfully - version: 4.0.5 - missing functions: none
symbol engine: initialized successfully - sym options: 0x614 - pdb path: .;C:\Users\Predator\.jdks\azul-15.0.8\bin;C:\WINDOWS\SYSTEM32;C:\WINDOWS\WinSxS\amd64_microsoft.windows.common-controls_6595b64144ccf1df_6.0.22000.120_none_9d947278b86cc467;C:\Users\Predator\.jdks\azul-15.0.8\bin\server;C:\Users\Predator\AppData\Local\JetBrains\Toolbox\apps\IDEA-U\ch-0\212.4746.92\bin;C:\Users\Predator\.openjfx\cache\15.0.1;C:\WINDOWS\System32\DriverStore\FileRepository\nvaci.inf_amd64_944ae008a084169c;C:\WINDOWS\System32\DriverStore\FileRepository\iigd_dch.inf_amd64_4acda2eddc74c35a

VM Arguments:
jvm_args: -javaagent:C:\Users\Predator\AppData\Local\JetBrains\Toolbox\apps\IDEA-U\ch-0\212.4746.92\lib\idea_rt.jar=5151:C:\Users\Predator\AppData\Local\JetBrains\Toolbox\apps\IDEA-U\ch-0\212.4746.92\bin -Dfile.encoding=UTF-8 --module-path=C:\Users\Predator\.m2\repository\org\jetbrains\kotlin\kotlin-stdlib\1.5.10\kotlin-stdlib-1.5.10-modular.jar;C:\Users\Predator\.m2\repository\org\openjfx\javafx-base\15.0.1\javafx-base-15.0.1-win.jar;C:\Users\Predator\.m2\repository\org\kordamp\ikonli\ikonli-core\12.3.0\ikonli-core-12.3.0.jar;C:\Users\Predator\.m2\repository\org\controlsfx\controlsfx\11.1.1\controlsfx-11.1.1.jar;C:\Users\Predator\.m2\repository\com\gluonhq\attach\audio\4.0.9\audio-4.0.9.jar;C:\Users\Predator\Documents\GrupoMark\SalesPoint\com.gpomark.pvl\mysql-connector-java-5.1.47.jar;C:\Users\Predator\.m2\repository\com\fasterxml\jackson\core\jackson-core\2.12.1\jackson-core-2.12.1.jar;C:\Users\Predator\.m2\repository\com\github\almasb\fxgl\11.17\fxgl-11.17.jar;C:\Users\Predator\.m2\repository\com\gluonhq\attach\util\4.0.9\util-4.0.9.jar;C:\Users\Predator\.m2\repository\com\gluonhq\attach\lifecycle\4.0.9\lifecycle-4.0.9.jar;C:\Users\Predator\.m2\repository\com\dlsc\formsfx\formsfx-core\11.3.2\formsfx-core-11.3.2.jar;C:\Users\Predator\.m2\repository\com\github\almasb\fxgl-core\11.17\fxgl-core-11.17.jar;C:\Users\Predator\.m2\repository\com\fasterxml\jackson\core\jackson-databind\2.12.1\jackson-databind-2.12.1.jar;C:\Users\Predator\.m2\repository\eu\hansolo\tilesfx\11.48\tilesfx-11.48.jar;C:\Users\Predator\.m2\repository\org\openjfx\javafx-web\15.0.1\javafx-web-15.0.1-win.jar;C:\Users\Predator\.m2\repository\org\openjfx\javafx-controls\15.0.1\javafx-controls-15.0.1-win.jar;C:\Users\Predator\.m2\repository\net\synedra\validatorfx\0.2.1\validatorfx-0.2.1.jar;C:\Users\Predator\.m2\repository\com\github\almasb\fxgl-scene\11.17\fxgl-scene-11.17.jar;C:\Users\Predator\.m2\repository\com\github\almasb\fxgl-io\11.17\fxgl-io-11.17.jar;C:\Users\Predator\.m2\repository\org\kordamp\ikonli\ikonli-javafx\12.3.0\ikonli-javafx-12.3.0.jar;C:\Users\Predator\.m2\repository\com\fasterxml\jackson\core\jackson-annotations\2.12.1\jackson-annotations-2.12.1.jar;C:\Users\Predator\.m2\repository\org\kordamp\boots-Djdk.module.main=com.gpomark.pvl.gpomarkpvl 
java_command: com.gpomark.pvl.gpomarkpvl/com.gpomark.pvl.gpomarkpvl.HelloApplication
java_class_path (initial): C:\Users\Predator\.m2\repository\org\openjfx\javafx-controls\15.0.1\javafx-controls-15.0.1.jar;C:\Users\Predator\.m2\repository\org\openjfx\javafx-graphics\15.0.1\javafx-graphics-15.0.1.jar;C:\Users\Predator\.m2\repository\org\openjfx\javafx-base\15.0.1\javafx-base-15.0.1.jar;C:\Users\Predator\.m2\repository\org\openjfx\javafx-fxml\15.0.1\javafx-fxml-15.0.1.jar;C:\Users\Predator\.m2\repository\org\openjfx\javafx-web\15.0.1\javafx-web-15.0.1.jar;C:\Users\Predator\.m2\repository\org\openjfx\javafx-media\15.0.1\javafx-media-15.0.1.jar;C:\Users\Predator\.m2\repository\org\jetbrains\annotations\13.0\annotations-13.0.jar;C:\Users\Predator\.m2\repository\org\jetbrains\kotlin\kotlin-stdlib-common\1.5.10\kotlin-stdlib-common-1.5.10.jar
Launcher Type: SUN_STANDARD

[Global flags]
     intx CICompilerCount                          = 4                                         {product} {ergonomic}
     uint ConcGCThreads                            = 3                                         {product} {ergonomic}
     uint G1ConcRefinementThreads                  = 10                                        {product} {ergonomic}
   size_t G1HeapRegionSize                         = 4194304                                   {product} {ergonomic}
    uintx GCDrainStackTargetSize                   = 64                                        {product} {ergonomic}
   size_t InitialHeapSize                          = 536870912                                 {product} {ergonomic}
   size_t MarkStackSize                            = 4194304                                   {product} {ergonomic}
   size_t MaxHeapSize                              = 8547991552                                {product} {ergonomic}
   size_t MaxNewSize                               = 5125439488                                {product} {ergonomic}
   size_t MinHeapDeltaBytes                        = 4194304                                   {product} {ergonomic}
   size_t MinHeapSize                              = 8388608                                   {product} {ergonomic}
    uintx NonNMethodCodeHeapSize                   = 5839372                                {pd product} {ergonomic}
    uintx NonProfiledCodeHeapSize                  = 122909434                              {pd product} {ergonomic}
    uintx ProfiledCodeHeapSize                     = 122909434                              {pd product} {ergonomic}
    uintx ReservedCodeCacheSize                    = 251658240                              {pd product} {ergonomic}
     bool SegmentedCodeCache                       = true                                      {product} {ergonomic}
   size_t SoftMaxHeapSize                          = 8547991552                             {manageable} {ergonomic}
     bool UseCompressedClassPointers               = true                                 {lp64_product} {ergonomic}
     bool UseCompressedOops                        = true                                 {lp64_product} {ergonomic}
     bool UseG1GC                                  = true                                      {product} {ergonomic}
     bool UseLargePagesIndividualAllocation        = false                                  {pd product} {ergonomic}

Logging:
Log output configuration:
 #0: stdout all=warning uptime,level,tags
 #1: stderr all=off uptime,level,tags

Environment Variables:
JAVA_HOME=C:\Program Files\AdoptOpenJDK\jdk-11.0.11.9-hotspot
PATH=C:\Program Files (x86)\Razer Chroma SDK\bin;C:\Program Files\Razer Chroma SDK\bin;C:\Program Files (x86)\Razer\ChromaBroadcast\bin;C:\Program Files\Razer\ChromaBroadcast\bin;C:\Program Files\AdoptOpenJDK\jdk-11.0.11.9-hotspot\bin;C:\Windows\system32;C:\Windows;C:\Windows\System32\Wbem;C:\Windows\System32\WindowsPowerShell\v1.0\;C:\Windows\System32\OpenSSH\;C:\Program Files (x86)\NVIDIA Corporation\PhysX\Common;C:\Program Files\NVIDIA Corporation\NVIDIA NvDLISR;C:\WINDOWS\system32;C:\WINDOWS;C:\WINDOWS\System32\Wbem;C:\WINDOWS\System32\WindowsPowerShell\v1.0\;C:\WINDOWS\System32\OpenSSH\;C:\Program Files\Git\cmd;C:\Android-sdk\tools\;C:\Android-sdk\platform-tools\;C:\Users\Predator\AppData\Local\Android\Sdk\;C:\WINDOWS\system32\config\systemprofile\AppData\Local\Microsoft\WindowsApps;C:\ProgramData\chocolatey\bin;C:\Users\Predator\AppData\Roaming\local\bin;C:\Users\Predator\AppData\Local\Microsoft\WindowsApps;C:\Program Files\Android\Android Studio\platform-tools;C:\Microsoft VS Code\bin;C:\flutter\bin\cache\dart-sdk;C:\flutter\bin\;C:\Users\Predator\AppData\Roaming\cabal\bin;C:\tools\ghc-9.0.1\bin;C:\tools\msys64;C:\WINDOWS\system32;C:\WINDOWS;C:\WINDOWS\System32\Wbem;C:\WINDOWS\System32\WindowsPowerShell\v1.0\;C:\WINDOWS\System32\OpenSSH\;C:\Program Files\PuTTY\;C:\Program Files\nodejs\;C:\Users\Predator\AppData\Local\Android\Sdk\platform-tools;C:\Program Files\MySQL\MySQL Shell 8.0\bin\;C:\Users\Predator\AppData\Roaming\local\bin;C:\Users\Predator\AppData\Local\Microsoft\WindowsApps;C:\Android-sdk\tools\;C:\Android-sdk\platform-tools\;C:\Users\Predator\AppData\Local\Android\Sdk\;C:\Program Files\Android\Android Studio\platform-tools;C:\Microsoft VS Code\bin;C:\flutter\bin\cache\dart-sdk;C:\flutter\bin\;C:\Users\Predator\AppData\Roaming\cabal\bin;C:\tools\ghc-9.0.1\bin;C:\tools\msys64;C:\Users\Predator\AppData\Roaming\npm;C:\Users\Predator\AppData\Local\Android\Sdk\platform-tools;C:\Universidad\Semestre8\6 FullStack2\ejemplos\node_modules\express\lib;C:\Users\Pre
USERNAME=Predator
OS=Windows_NT
PROCESSOR_IDENTIFIER=Intel64 Family 6 Model 165 Stepping 2, GenuineIntel



---------------  S Y S T E M  ---------------

OS:
 Windows 11 , 64 bit Build 22000 (10.0.22000.708)
OS uptime: 6 days 1:31 hours

CPU: total 12 (initial active 12) (6 cores per cpu, 2 threads per core) family 6 model 165 stepping 2 microcode 0xe2, cmov, cx8, fxsr, mmx, sse, sse2, sse3, ssse3, sse4.1, sse4.2, popcnt, vzeroupper, avx, avx2, aes, clmul, erms, 3dnowpref, lzcnt, ht, tsc, tscinvbit, bmi1, bmi2, adx, fma, clflush, clflushopt

Memory: 4k page, system-wide physical 32603M (10389M free)
TotalPageFile size 38603M (AvailPageFile size 5M)
current process WorkingSet (physical memory assigned to process): 117M, peak: 117M
current process commit charge ("private bytes"): 688M, peak: 688M

vm_info: OpenJDK 64-Bit Server VM (15.0.8+4-MTS) for windows-amd64 JRE (15.0.8+4-MTS) (Zulu15.42+15-CA), built on Jul 13 2022 10:53:39 by "zulu_re" with MS VC++ 15.9 (VS2017)

END.
